<?xml version="1.0" encoding="UTF-8"?>
<!-- Generated by org.testng.reporters.JUnitReportReporter -->
<testsuite skipped="0" hostname="DESKTOP-96T1B1J" name="PRAPACK.OneTest" tests="1" failures="0" timestamp="2021-04-17T01:46:00 IST" time="13.563" errors="0">
  <testcase name="One" time="13.563" classname="PRAPACK.OneTest"/>
  <system-out/>
</testsuite> <!-- PRAPACK.OneTest -->
