<?xml version="1.0" encoding="UTF-8"?>
<!-- Generated by org.testng.reporters.JUnitReportReporter -->
<testsuite skipped="0" hostname="DESKTOP-96T1B1J" name="PRAPACK.ThreeTest" tests="1" failures="0" timestamp="2021-04-17T00:24:23 IST" time="0.004" errors="0">
  <testcase name="mThreeTest" time="0.004" classname="PRAPACK.ThreeTest"/>
  <system-out/>
</testsuite> <!-- PRAPACK.ThreeTest -->
