<?xml version="1.0" encoding="UTF-8"?>
<!-- Generated by org.testng.reporters.JUnitReportReporter -->
<testsuite skipped="0" hostname="DESKTOP-96T1B1J" name="PRAPACK.TwoTest" tests="1" failures="0" timestamp="2021-04-16T23:56:47 IST" time="0.000" errors="0">
  <testcase name="mTwo" time="0.000" classname="PRAPACK.TwoTest"/>
  <system-out/>
</testsuite> <!-- PRAPACK.TwoTest -->
