<?xml version="1.0" encoding="UTF-8"?>
<!-- Generated by org.testng.reporters.JUnitReportReporter -->
<testsuite skipped="0" hostname="DESKTOP-96T1B1J" name="PRAPACK.FourTest" tests="1" failures="0" timestamp="2021-04-17T01:46:00 IST" time="0.001" errors="0">
  <testcase name="mFourTest" time="0.001" classname="PRAPACK.FourTest"/>
  <system-out/>
</testsuite> <!-- PRAPACK.FourTest -->
